
/home/runner/work/exp-cement-mortar-cubes-dei/exp-cement-mortar-cubes-dei/experiment/simulation/js/main.js
     2:10  warning  'step2' is defined but never used       no-unused-vars
    10:10  warning  'moveplate' is defined but never used   no-unused-vars
    16:5   warning  'myTimeout' is not defined              no-undef
    19:10  warning  'moveplate1' is defined but never used  no-unused-vars
    25:5   warning  'myTimeout1' is not defined             no-undef
    29:10  warning  'moveplate2' is defined but never used  no-unused-vars
    35:5   warning  'myTimeout2' is not defined             no-undef
    38:10  warning  'moveplate3' is defined but never used  no-unused-vars
    43:5   warning  'myTimeout3' is not defined             no-undef
    56:18  warning  'myTimeout' is not defined              no-undef
    69:18  warning  'myTimeout1' is not defined             no-undef
    82:18  warning  'myTimeout2' is not defined             no-undef
    94:18  warning  'myTimeout3' is not defined             no-undef
    99:10  warning  'step3' is defined but never used       no-unused-vars
   114:5   warning  'myTimeout4' is not defined             no-undef
   123:18  warning  'myTimeout4' is not defined             no-undef
   129:10  warning  'step4' is defined but never used       no-unused-vars
   137:5   warning  Unexpected 'debugger' statement         no-debugger
   143:5   warning  'myTimeout5' is not defined             no-undef
   167:10  warning  'tunnu' is defined but never used       no-unused-vars
   176:9   warning  'myTimeout6' is not defined             no-undef
   192:18  warning  'myTimeout5' is not defined             no-undef
   202:18  warning  'myTimeout6' is not defined             no-undef
   210:10  warning  'step5' is defined but never used       no-unused-vars
   220:10  warning  'funst5' is defined but never used      no-unused-vars
   225:5   warning  'myTimeout7' is not defined             no-undef
   234:18  warning  'myTimeout7' is not defined             no-undef
   239:10  warning  'step6' is defined but never used       no-unused-vars
   249:10  warning  'funst6' is defined but never used      no-unused-vars
   254:5   warning  'myTimeout8' is not defined             no-undef
   263:18  warning  'myTimeout8' is not defined             no-undef
   270:10  warning  'step7' is defined but never used       no-unused-vars
   280:10  warning  'funst7' is defined but never used      no-unused-vars
   285:5   warning  'myTimeout9' is not defined             no-undef
   294:18  warning  'myTimeout9' is not defined             no-undef
   299:10  warning  'step8' is defined but never used       no-unused-vars
   309:10  warning  'funst8' is defined but never used      no-unused-vars
   314:5   warning  'myTimeout10' is not defined            no-undef
   323:18  warning  'myTimeout10' is not defined            no-undef
   328:10  warning  'step9' is defined but never used       no-unused-vars
   338:10  warning  'funst9' is defined but never used      no-unused-vars
   343:5   warning  'myTimeout11' is not defined            no-undef
   352:18  warning  'myTimeout11' is not defined            no-undef
   357:10  warning  'step10' is defined but never used      no-unused-vars
   367:10  warning  'funst10' is defined but never used     no-unused-vars
   372:5   warning  'myTimeout12' is not defined            no-undef
   381:18  warning  'myTimeout12' is not defined            no-undef
   386:10  warning  'step11' is defined but never used      no-unused-vars
   400:10  warning  'agesizeIn' is defined but never used   no-unused-vars
   462:10  warning  'step12' is defined but never used      no-unused-vars
   472:10  warning  'cube1' is defined but never used       no-unused-vars
   491:10  warning  'cube2' is defined but never used       no-unused-vars
   509:10  warning  'cube3' is defined but never used       no-unused-vars
   526:10  warning  'cube4' is defined but never used       no-unused-vars
   543:10  warning  'cube5' is defined but never used       no-unused-vars
   561:10  warning  'cube6' is defined but never used       no-unused-vars
   580:5   warning  Unexpected 'debugger' statement         no-debugger
   590:10  warning  'step13' is defined but never used      no-unused-vars
   615:10  warning  'cube9' is defined but never used       no-unused-vars
   625:10  warning  'cube8' is defined but never used       no-unused-vars
   635:10  warning  'cube7' is defined but never used       no-unused-vars
   644:10  warning  'cloth' is defined but never used       no-unused-vars
   648:5   warning  'myTimeout14' is not defined            no-undef
   669:18  warning  'myTimeout14' is not defined            no-undef
   673:10  warning  'step14' is defined but never used      no-unused-vars
   702:10  warning  'newGif1' is defined but never used     no-unused-vars
   710:5   warning  'mytime' is not defined                 no-undef
   718:21  warning  'mytime' is not defined                 no-undef
   722:12  warning  'newGif2' is defined but never used     no-unused-vars
   728:5   warning  'newTimeout15' is not defined           no-undef
   737:18  warning  'newTimeout15' is not defined           no-undef
   741:12  warning  'newGif3' is defined but never used     no-unused-vars
   746:5   warning  'newTimeout16' is not defined           no-undef
   756:18  warning  'newTimeout16' is not defined           no-undef
   759:12  warning  'newStep1' is defined but never used    no-unused-vars
   770:12  warning  'newGif4' is defined but never used     no-unused-vars
   776:5   warning  'mytime' is not defined                 no-undef
   784:21  warning  'mytime' is not defined                 no-undef
   788:12  warning  'newGif5' is defined but never used     no-unused-vars
   796:5   warning  'newTimeout17' is not defined           no-undef
   806:18  warning  'newTimeout17' is not defined           no-undef
   809:12  warning  'newGif6' is defined but never used     no-unused-vars
   813:5   warning  'newTimeout18' is not defined           no-undef
   823:18  warning  'newTimeout18' is not defined           no-undef
   826:12  warning  'newStep2' is defined but never used    no-unused-vars
   836:12  warning  'newGif7' is defined but never used     no-unused-vars
   842:5   warning  'mytime' is not defined                 no-undef
   850:21  warning  'mytime' is not defined                 no-undef
   854:12  warning  'newGif8' is defined but never used     no-unused-vars
   862:5   warning  'newTimeout19' is not defined           no-undef
   872:18  warning  'newTimeout19' is not defined           no-undef
   875:12  warning  'newGif9' is defined but never used     no-unused-vars
   879:5   warning  'newTimeout20' is not defined           no-undef
   889:19  warning  'newTimeout20' is not defined           no-undef
   892:10  warning  'step15' is defined but never used      no-unused-vars
   927:10  warning  'cube12' is defined but never used      no-unused-vars
   936:10  warning  'cube11' is defined but never used      no-unused-vars
   945:10  warning  'cube10' is defined but never used      no-unused-vars
   952:10  warning  'cloth2' is defined but never used      no-unused-vars
   955:5   warning  'newTimeout21' is not defined           no-undef
   963:10  warning  'step16' is defined but never used      no-unused-vars
   992:10  warning  'newGif10' is defined but never used    no-unused-vars
   997:5   warning  'mytime' is not defined                 no-undef
  1004:21  warning  'mytime' is not defined                 no-undef
  1008:12  warning  'newGif11' is defined but never used    no-unused-vars
  1013:5   warning  '_newTimeout21' is not defined          no-undef
  1022:18  warning  '_newTimeout21' is not defined          no-undef
  1026:12  warning  'newGif12' is defined but never used    no-unused-vars
  1030:5   warning  '_newTimeout22' is not defined          no-undef
  1040:18  warning  '_newTimeout22' is not defined          no-undef
  1043:12  warning  'newStep4' is defined but never used    no-unused-vars
  1054:12  warning  'newGif13' is defined but never used    no-unused-vars
  1060:5   warning  'mytime' is not defined                 no-undef
  1067:21  warning  'mytime' is not defined                 no-undef
  1071:12  warning  'newGif14' is defined but never used    no-unused-vars
  1077:5   warning  '_newTimeout23' is not defined          no-undef
  1087:18  warning  '_newTimeout23' is not defined          no-undef
  1090:12  warning  'newGif15' is defined but never used    no-unused-vars
  1094:5   warning  '_newTimeout24' is not defined          no-undef
  1104:18  warning  '_newTimeout24' is not defined          no-undef
  1107:12  warning  'newStep5' is defined but never used    no-unused-vars
  1117:12  warning  'newGif16' is defined but never used    no-unused-vars
  1123:5   warning  'mytime' is not defined                 no-undef
  1130:21  warning  'mytime' is not defined                 no-undef
  1134:12  warning  'newGif17' is defined but never used    no-unused-vars
  1141:5   warning  '_newTimeout25' is not defined          no-undef
  1151:18  warning  '_newTimeout25' is not defined          no-undef
  1154:12  warning  'newGif18' is defined but never used    no-unused-vars
  1159:5   warning  '_newTimeout26' is not defined          no-undef
  1169:19  warning  '_newTimeout26' is not defined          no-undef
  1172:12  warning  'step17' is defined but never used      no-unused-vars

✖ 131 problems (0 errors, 131 warnings)

